<?xml version="1.0" encoding="UTF-8"?>
<!-- Generated by org.testng.reporters.JUnitReportReporter -->
<testsuite hostname="Jeremiah" failures="0" tests="15" name="api.test.DDTests" time="7.594" errors="0" timestamp="2025-01-04T20:14:00 IST" skipped="0">
  <testcase classname="api.test.DDTests" name="sendUsers" time="2.911"/>
  <testcase classname="api.test.DDTests" name="getUserNames" time="0.001"/>
  <testcase classname="api.test.DDTests" name="getUserNames" time="0.000"/>
  <testcase classname="api.test.DDTests" name="sendUsers" time="0.743"/>
  <testcase classname="api.test.DDTests" name="getAllData" time="0.010"/>
  <testcase classname="api.test.DDTests" name="getUserNames" time="0.001"/>
  <testcase classname="api.test.DDTests" name="getUserNames" time="0.001"/>
  <testcase classname="api.test.DDTests" name="getAllData" time="0.001"/>
  <testcase classname="api.test.DDTests" name="getAllData" time="0.001"/>
  <testcase classname="api.test.DDTests" name="sendUsers" time="1.087"/>
  <testcase classname="api.test.DDTests" name="sendUsers" time="1.151"/>
  <testcase classname="api.test.DDTests" name="getUserNames" time="0.001"/>
  <testcase classname="api.test.DDTests" name="getAllData" time="0.001"/>
  <testcase classname="api.test.DDTests" name="getAllData" time="0.002"/>
  <testcase classname="api.test.DDTests" name="sendUsers" time="1.683"/>
</testsuite> <!-- api.test.DDTests -->
